<?xml version="1.0" encoding="UTF-8"?>
<!-- Generated by org.testng.reporters.JUnitReportReporter -->
<testsuite hostname="iamnisar812" failures="0" tests="3" name="files.DynamicJson" time="2.555" errors="0" timestamp="2023-07-21T23:49:07 IST" skipped="0">
  <testcase classname="files.DynamicJson" name="getBook" time="0.160"/>
  <system-out/>
  <testcase classname="files.DynamicJson" name="getBook" time="0.187"/>
  <system-out/>
  <testcase classname="files.DynamicJson" name="getBook" time="2.208"/>
  <system-out/>
</testsuite> <!-- files.DynamicJson -->
