<?xml version="1.0" encoding="UTF-8"?>
<!-- Generated by org.testng.reporters.JUnitReportReporter -->
<testsuite hostname="iamnisar812" failures="0" tests="4" name="day1.HTTPRequests" time="4.839" errors="0" timestamp="2023-10-10T12:31:44 IST" skipped="0">
  <testcase classname="day1.HTTPRequests" name="getUsers" time="1.700"/>
  <system-out/>
  <testcase classname="day1.HTTPRequests" name="createUser" time="1.168"/>
  <system-out/>
  <testcase classname="day1.HTTPRequests" name="updateUser" time="0.968"/>
  <system-out/>
  <testcase classname="day1.HTTPRequests" name="deleteUser" time="1.003"/>
  <system-out/>
</testsuite> <!-- day1.HTTPRequests -->
