<?xml version="1.0" encoding="UTF-8"?>
<!-- Generated by org.testng.reporters.JUnitReportReporter -->
<testsuite hostname="iamnisar812" failures="0" tests="3" name="day2.DifferentWaysToCreatePostRequestBody" time="0.217" errors="0" timestamp="2023-12-03T14:43:16 IST" skipped="0">
  <testcase classname="day2.DifferentWaysToCreatePostRequestBody" name="payloadUsingHashMap" time="0.209"/>
  <system-out/>
  <testcase classname="day2.DifferentWaysToCreatePostRequestBody" name="payloadUsingOrgJson" time="0.005"/>
  <system-out/>
  <testcase classname="day2.DifferentWaysToCreatePostRequestBody" name="payloadUsingExternalJsonFile" time="0.003"/>
  <system-out/>
</testsuite> <!-- day2.DifferentWaysToCreatePostRequestBody -->
