<?xml version="1.0" encoding="UTF-8"?>
<!-- Generated by org.testng.reporters.JUnitReportReporter -->
<testsuite hostname="iamnisar812" failures="0" tests="3" name="Tests.day4" time="0.003" errors="0" timestamp="2023-11-12T15:17:04 IST" skipped="0">
  <testcase classname="Tests.day4" name="MobileLoginHomeLoan" time="0.001"/>
  <system-out/>
  <testcase classname="Tests.day4" name="ApiLoginHomeLoan" time="0.001"/>
  <system-out/>
  <testcase classname="Tests.day4" name="WebLoginHomeLoan" time="0.001"/>
  <system-out/>
</testsuite> <!-- Tests.day4 -->
