<?xml version="1.0" encoding="UTF-8"?>
<!-- Generated by org.testng.reporters.JUnitReportReporter -->
<testsuite hostname="iamnisar812" failures="0" tests="1" name="Tests.day2" time="0.001" errors="0" timestamp="2023-11-12T15:17:04 IST" skipped="0">
  <testcase classname="Tests.day2" name="pLoan" time="0.001"/>
  <system-out/>
</testsuite> <!-- Tests.day2 -->
