<?xml version="1.0" encoding="UTF-8"?>
<!-- Generated by org.testng.reporters.JUnitReportReporter -->
<testsuite hostname="iamnisar812" failures="0" tests="5" name="Tests.day3" time="0.028" errors="0" timestamp="2023-02-06T00:00:51 IST" skipped="0">
  <testcase classname="Tests.day3" name="usingDataProvider" time="0.005"/>
  <system-out/>
  <testcase classname="Tests.day3" name="ApiLoginCarLoan" time="0.012"/>
  <system-out/>
  <testcase classname="Tests.day3" name="WebLoginCarLoan" time="0.004"/>
  <system-out/>
  <testcase classname="Tests.day3" name="usingDataProvider" time="0.003"/>
  <system-out/>
  <testcase classname="Tests.day3" name="usingDataProvider" time="0.004"/>
  <system-out/>
</testsuite> <!-- Tests.day3 -->
