<?xml version="1.0" encoding="UTF-8"?>
<!-- Generated by org.testng.reporters.JUnitReportReporter -->
<testsuite hostname="iamnisar812" failures="0" tests="2" name="nahmed.Tests.SubmitOrderTest" time="13.610" errors="0" timestamp="2023-06-25T13:30:59 IST" skipped="0">
  <testcase classname="nahmed.Tests.SubmitOrderTest" name="submitOrder" time="6.580"/>
  <system-out/>
  <testcase classname="nahmed.Tests.SubmitOrderTest" name="submitOrder" time="7.030"/>
  <system-out/>
</testsuite> <!-- nahmed.Tests.SubmitOrderTest -->
