<?xml version="1.0" encoding="UTF-8"?>
<!-- Generated by org.testng.reporters.JUnitReportReporter -->
<testsuite hostname="iamnisar812" failures="0" tests="1" name="nahmed.Tests.ErrorValidationsTest" time="3.271" errors="0" timestamp="2023-08-20T13:10:01 IST" skipped="0">
  <testcase classname="nahmed.Tests.ErrorValidationsTest" name="LoginErrorValidation" time="3.271"/>
  <system-out/>
</testsuite> <!-- nahmed.Tests.ErrorValidationsTest -->
